2022-02-14 15:16:58,637 INFO  [Log] ana 
2022-02-14 15:20:50,253 INFO  [Log] ana 
2022-02-14 15:20:53,464 INFO  [Log] Clicked toBy.id: comp-knd6ow3j 
2022-02-14 15:23:08,555 INFO  [Log] ana 
2022-02-14 15:23:11,767 INFO  [Log] Clicked toBy.id: comp-knd6ow3j 
2022-02-14 15:28:38,816 INFO  [Log] Clicked to[[ChromeDriver: chrome on WINDOWS (913d00a54737988799bf0a270dfd1cb8)] -> id: comp-knd6ow3j] 
2022-02-14 16:20:19,508 INFO  [Log] Clicked to This is Cloudwise  
2022-02-14 16:20:25,562 INFO  [Log] Switched to second Tab 
2022-02-14 16:20:34,279 INFO  [Log] Clicked All cloudwisers 
2022-02-14 16:23:22,551 INFO  [Log] Clicked to This is Cloudwise  
2022-02-14 16:23:28,583 INFO  [Log] Switched to second Tab 
2022-02-14 16:23:37,349 INFO  [Log] Clicked All cloudwisers 
2022-02-14 16:25:22,521 INFO  [Log] Clicked to This is Cloudwise  
2022-02-14 16:25:28,554 INFO  [Log] Switched to second Tab 
2022-02-14 16:25:37,100 INFO  [Log] Clicked All cloudwisers 
2022-02-14 16:25:56,852 INFO  [Log] Clicked to Who are We Management Link 
2022-02-14 16:26:05,712 INFO  [Log] Clicked All cloudwisers 
2022-02-14 16:26:28,883 INFO  [Log] Clicked to Who are We Support Link 
2022-02-14 16:26:37,859 INFO  [Log] Clicked All cloudwisers 
2022-02-14 16:27:01,087 INFO  [Log] Clicked to Who are We Project and Support Link 
2022-02-14 16:27:10,219 INFO  [Log] Clicked All cloudwisers 
2022-02-14 16:27:33,547 INFO  [Log] Clicked to Who are We Sales Link 
2022-02-14 16:27:42,870 INFO  [Log] Clicked All cloudwisers 
2022-02-14 16:28:05,749 INFO  [Log] Clicked to Who are We Marketing Link 
2022-02-14 16:28:14,758 INFO  [Log] Clicked All cloudwisers 
2022-02-14 16:28:37,412 INFO  [Log] Clicked to Who are We Academy Link 
2022-02-14 16:28:46,540 INFO  [Log] Clicked All cloudwisers 
2022-02-14 16:29:09,445 INFO  [Log] Clicked to Who are We Development Link 
2022-02-14 16:29:18,368 INFO  [Log] Clicked All cloudwisers 
2022-02-14 16:29:41,081 INFO  [Log] Clicked to Who are We Hr and Administration Link 
2022-02-14 16:29:50,048 INFO  [Log] Clicked All cloudwisers 
2022-02-14 16:30:13,056 INFO  [Log] Clicked to Who are We Support Link 
2022-02-14 16:46:41,420 INFO  [Log] Clicked to This is Cloudwise
 
2022-02-14 16:46:46,444 INFO  [Log] Switched to second Tab

 
2022-02-14 16:46:55,016 INFO  [Log] Clicked All cloudwisers
 
2022-02-14 16:47:36,777 INFO  [Log] Clicked to This is Cloudwise
 
2022-02-14 16:47:41,807 INFO  [Log] Switched to second Tab

 
2022-02-14 16:47:50,375 INFO  [Log] Clicked All cloudwisers
 
2022-02-14 16:48:52,248 INFO  [Log] Clicked to This is Cloudwise
 
2022-02-14 16:48:57,279 INFO  [Log] Switched to second Tab

 
2022-02-14 16:49:05,987 INFO  [Log] Clicked All cloudwisers
 
2022-02-14 16:49:43,485 INFO  [Log] Clicked to This is Cloudwise
 
2022-02-14 16:49:48,507 INFO  [Log] Switched to second Tab

 
2022-02-14 16:49:57,195 INFO  [Log] Clicked All cloudwisers
 
2022-02-14 16:50:19,934 INFO  [Log] Clicked to Who are We Management Link

 
2022-02-14 16:51:06,170 INFO  [Log] Clicked to This is Cloudwise
 
2022-02-14 16:51:11,198 INFO  [Log] Switched to second Tab

 
2022-02-14 16:51:19,768 INFO  [Log] Clicked All cloudwisers
 
2022-02-14 16:53:07,337 INFO  [Log] Clicked to This is Cloudwise
 
2022-02-14 16:53:12,358 INFO  [Log] Switched to second Tab

 
2022-02-14 16:53:29,200 INFO  [Log] Clicked All cloudwisers
 
2022-02-14 16:54:22,812 INFO  [Log] Clicked to This is Cloudwise
 
2022-02-14 16:54:27,840 INFO  [Log] Switched to second Tab

 
2022-02-14 16:54:44,736 INFO  [Log] Clicked All cloudwisers
 
2022-02-14 16:55:48,164 INFO  [Log] Clicked to This is Cloudwise
 
2022-02-14 16:55:53,190 INFO  [Log] Switched to second Tab

 
2022-02-14 16:56:10,032 INFO  [Log] Clicked All cloudwisers
 
2022-02-14 16:57:57,533 INFO  [Log] Clicked to This is Cloudwise
 
2022-02-14 16:58:02,558 INFO  [Log] Switched to second Tab

 
2022-02-14 16:58:20,231 INFO  [Log] Clicked All cloudwisers
 
2022-02-14 16:58:34,285 INFO  [Log] kaydırıldı

 
2022-02-14 16:58:49,448 INFO  [Log] üstüne gelindi

 
2022-02-14 16:59:14,138 INFO  [Log] Clicked to This is Cloudwise
 
2022-02-14 16:59:19,162 INFO  [Log] Switched to second Tab

 
2022-02-14 16:59:36,760 INFO  [Log] Clicked All cloudwisers
 
2022-02-14 16:59:50,835 INFO  [Log] kaydırıldı

 
2022-02-14 17:00:21,149 INFO  [Log] üstüne gelindi

 
2022-02-14 17:00:51,316 INFO  [Log] Clicked to This is Cloudwise
 
2022-02-14 17:00:56,347 INFO  [Log] Switched to second Tab

 
2022-02-14 17:01:12,919 INFO  [Log] Clicked All cloudwisers
 
2022-02-14 17:01:26,980 INFO  [Log] kaydırıldı

 
2022-02-14 17:01:42,154 INFO  [Log] üstüne gelindi

 
2022-02-14 17:01:57,314 INFO  [Log] üstüne gelindi

 
2022-02-14 17:03:39,854 INFO  [Log] Clicked to This is Cloudwise
 
2022-02-14 17:03:44,874 INFO  [Log] Switched to second Tab

 
2022-02-14 17:04:01,509 INFO  [Log] Clicked All cloudwisers
 
2022-02-14 17:04:32,173 INFO  [Log] Clicked to Who are We Management Link

 
2022-02-14 17:04:49,327 INFO  [Log] Clicked All cloudwisers
 
2022-02-14 17:05:10,288 INFO  [Log] Clicked to Who are We Support Link

 
2022-02-14 17:05:27,332 INFO  [Log] Clicked All cloudwisers
 
2022-02-14 17:05:47,995 INFO  [Log] Clicked to Who are We Project and Support Link

 
2022-02-14 17:06:05,463 INFO  [Log] Clicked All cloudwisers
 
2022-02-14 17:06:26,114 INFO  [Log] Clicked to Who are We Sales Link

 
2022-02-14 17:06:43,082 INFO  [Log] Clicked All cloudwisers
 
2022-02-14 17:07:03,979 INFO  [Log] Clicked to Who are We Marketing Link

 
2022-02-14 17:07:20,667 INFO  [Log] Clicked All cloudwisers
 
2022-02-14 17:07:41,501 INFO  [Log] Clicked to Who are We Academy Link

 
2022-02-14 17:07:58,249 INFO  [Log] Clicked All cloudwisers
 
2022-02-14 17:11:46,232 INFO  [Log] Clicked to This is Cloudwise
 
2022-02-14 17:11:51,257 INFO  [Log] Switched to second Tab
 
2022-02-14 17:12:10,585 INFO  [Log] Clicked All cloudwisers
 
2022-02-14 17:12:42,436 INFO  [Log] Clicked to Who are We Management Link

 
2022-02-14 17:13:46,877 INFO  [Log] Clicked to This is Cloudwise
 
2022-02-14 17:13:51,910 INFO  [Log] Switched to second Tab
 
2022-02-14 17:14:10,139 INFO  [Log] Clicked All cloudwisers
 
2022-02-14 17:14:43,224 INFO  [Log] Clicked to Who are We Management Link

 
2022-02-14 17:17:28,799 INFO  [Log] Clicked to This is Cloudwise
 
2022-02-14 17:17:33,823 INFO  [Log] Switched to second Tab
 
2022-02-14 17:17:52,306 INFO  [Log] Clicked All cloudwisers
 
2022-02-14 17:18:32,628 INFO  [Log] Clicked to Who are We Management Link

 
2022-02-14 17:18:51,702 INFO  [Log] Clicked to This is Cloudwise
 
2022-02-14 17:18:56,735 INFO  [Log] Switched to second Tab
 
2022-02-14 17:19:18,631 INFO  [Log] Clicked All cloudwisers
 
2022-02-14 17:20:20,043 INFO  [Log] Clicked to This is Cloudwise
 
2022-02-14 17:20:25,066 INFO  [Log] Switched to second Tab
 
2022-02-14 17:20:43,352 INFO  [Log] Clicked All cloudwisers
 
2022-02-14 17:21:16,538 INFO  [Log] Clicked to Who are We Management Link

 
2022-02-14 17:22:19,245 INFO  [Log] Clicked to This is Cloudwise
 
2022-02-14 17:22:24,267 INFO  [Log] Switched to second Tab
 
2022-02-14 17:22:43,347 INFO  [Log] Clicked All cloudwisers
 
2022-02-17 12:27:29,572 INFO  [Log] Clicked to This is Cloudwise
 
2022-02-17 12:27:34,615 INFO  [Log] Switched to second Tab
 
2022-02-17 12:44:07,436 INFO  [Log] Clicked to This is Cloudwise
 
2022-02-17 12:44:12,468 INFO  [Log] Switched to second Tab
 
2022-02-17 12:44:29,965 INFO  [Log] Clicked Alle Cloudwisers
 
2022-02-17 12:45:01,835 INFO  [Log] Clicked to Who are We Management Link

 
2022-02-17 12:45:41,602 INFO  [Log] Clicked to Who are We Support Link

 
2022-02-17 12:46:21,170 INFO  [Log] Clicked to Who are We Project and Support Link

 
2022-02-17 12:47:02,180 INFO  [Log] Clicked to Who are We Sales Link

 
2022-02-17 12:47:42,203 INFO  [Log] Clicked to Who are We Marketing Link

 
2022-02-17 12:48:21,891 INFO  [Log] Clicked to Who are We Academy Link

 
2022-02-17 12:49:01,755 INFO  [Log] Clicked to Who are We Development Link

 
2022-02-17 12:52:02,277 INFO  [Log] Clicked to This is Cloudwise
 
2022-02-17 12:52:02,300 INFO  [Log] Switched to second Tab
 
2022-02-17 12:52:59,675 INFO  [Log] Clicked to This is Cloudwise
 
2022-02-17 12:52:59,693 INFO  [Log] Switched to second Tab
 
2022-02-17 12:55:09,331 INFO  [Log] Clicked to This is Cloudwise
 
2022-02-17 12:55:09,342 INFO  [Log] Switched to second Tab
 
2022-02-17 12:55:53,139 INFO  [Log] Clicked to This is Cloudwise
 
2022-02-17 12:55:58,157 INFO  [Log] Switched to second Tab
 
2022-02-17 12:56:06,654 INFO  [Log] Clicked Alle Cloudwisers
 
2022-02-17 12:56:19,862 INFO  [Log] Clicked to Who are We Management Link

 
2022-02-17 12:56:41,699 INFO  [Log] Clicked to Who are We Support Link

 
2022-02-17 12:57:03,240 INFO  [Log] Clicked to Who are We Project and Support Link

 
2022-02-17 12:59:55,614 INFO  [Log] Clicked to This is Cloudwise
 
2022-02-17 13:00:00,643 INFO  [Log] Switched to second Tab
 
2022-02-17 13:00:18,227 INFO  [Log] Clicked Alle Cloudwisers
 
2022-02-17 13:03:16,847 INFO  [Log] Clicked to This is Cloudwise
 
2022-02-17 13:03:21,866 INFO  [Log] Switched to second Tab
 
2022-02-17 13:03:39,330 INFO  [Log] Clicked Alle Cloudwisers
 
2022-02-17 13:08:02,438 INFO  [Log] Clicked to This is Cloudwise
 
2022-02-17 13:08:07,470 INFO  [Log] Switched to second Tab
 
2022-02-17 13:09:10,797 INFO  [Log] Clicked to This is Cloudwise
 
2022-02-17 13:09:15,824 INFO  [Log] Switched to second Tab
 
2022-02-17 13:09:33,228 INFO  [Log] Clicked Alle Cloudwisers
 
2022-02-17 13:29:16,579 INFO  [Log] Clicked to This is Cloudwise
 
2022-02-17 13:29:16,596 INFO  [Log] Switched to second Tab
 
2022-02-17 13:29:29,001 INFO  [Log] Clicked Alle Cloudwisers
 
2022-02-17 13:37:18,264 INFO  [Log] Clicked to This is Cloudwise
 
2022-02-17 13:37:18,279 INFO  [Log] Switched to second Tab
 
2022-02-17 13:38:08,185 INFO  [Log] Clicked to This is Cloudwise
 
2022-02-17 13:38:08,199 INFO  [Log] Switched to second Tab
 
2022-02-17 13:38:23,356 INFO  [Log] Clicked Alle Cloudwisers
 
2022-02-17 13:42:12,856 INFO  [Log] Switched to second Tab
 
2022-02-17 17:46:58,907 INFO  [Log] Switched to second Tab
 
2022-02-17 18:00:32,513 INFO  [Log] Switched to second Tab
 
2022-02-17 18:01:31,337 INFO  [Log] Switched to second Tab
 
2022-02-17 18:02:38,425 INFO  [Log] Switched to second Tab
 
2022-02-17 18:06:02,254 INFO  [Log] Switched to second Tab
 
2022-02-17 18:17:04,482 INFO  [Log] Switched to second Tab
 
2022-02-17 18:20:15,344 INFO  [Log] Switched to second Tab
 
2022-02-17 18:25:13,957 INFO  [Log] Switched to second Tab
 
2022-02-17 18:28:16,075 INFO  [Log] Switched to second Tab
 
2022-02-17 18:45:34,787 INFO  [Log] Switched to second Tab
 
2022-02-17 18:52:59,913 INFO  [Log] Switched to second Tab
 
2022-02-17 18:58:42,863 INFO  [Log] Switched to second Tab
 
2022-02-17 19:15:58,790 INFO  [Log] Switched to second Tab
 
